0 info it worked if it ends with ok
1 verbose cli [ '/usr/local/bin/node', '/usr/local/bin/npm', 'run', 'dev' ]
2 info using npm@3.10.10
3 info using node@v6.9.4
4 verbose run-script [ 'predev', 'dev', 'postdev' ]
5 info lifecycle chattrbox@1.0.0~predev: chattrbox@1.0.0
6 silly lifecycle chattrbox@1.0.0~predev: no script for predev, continuing
7 info lifecycle chattrbox@1.0.0~dev: chattrbox@1.0.0
8 verbose lifecycle chattrbox@1.0.0~dev: unsafe-perm in lifecycle true
9 verbose lifecycle chattrbox@1.0.0~dev: PATH: /usr/local/lib/node_modules/npm/bin/node-gyp-bin:/Users/remildadsilva/front-end-dev-book/Assignment10/node_modules/.bin:/Library/Frameworks/Python.framework/Versions/3.5/bin:/usr/local/bin:/usr/bin:/bin:/usr/sbin:/sbin
10 verbose lifecycle chattrbox@1.0.0~dev: CWD: /Users/remildadsilva/front-end-dev-book/Assignment10
11 silly lifecycle chattrbox@1.0.0~dev: Args: [ '-c', 'nodemon index.js' ]
12 info lifecycle chattrbox@1.0.0~dev: Failed to exec dev script
13 verbose stack Error: chattrbox@1.0.0 dev: `nodemon index.js`
13 verbose stack spawn ENOENT
13 verbose stack     at ChildProcess.<anonymous> (/usr/local/lib/node_modules/npm/lib/utils/spawn.js:33:16)
13 verbose stack     at emitTwo (events.js:106:13)
13 verbose stack     at ChildProcess.emit (events.js:191:7)
13 verbose stack     at maybeClose (internal/child_process.js:877:16)
13 verbose stack     at Process.ChildProcess._handle.onexit (internal/child_process.js:226:5)
14 verbose pkgid chattrbox@1.0.0
15 verbose cwd /Users/remildadsilva/front-end-dev-book/Assignment10
16 error Darwin 15.6.0
17 error argv "/usr/local/bin/node" "/usr/local/bin/npm" "run" "dev"
18 error node v6.9.4
19 error npm  v3.10.10
20 error file sh
21 error code ELIFECYCLE
22 error errno ENOENT
23 error syscall spawn
24 error chattrbox@1.0.0 dev: `nodemon index.js`
24 error spawn ENOENT
25 error Failed at the chattrbox@1.0.0 dev script 'nodemon index.js'.
25 error Make sure you have the latest version of node.js and npm installed.
25 error If you do, this is most likely a problem with the chattrbox package,
25 error not with npm itself.
25 error Tell the author that this fails on your system:
25 error     nodemon index.js
25 error You can get information on how to open an issue for this project with:
25 error     npm bugs chattrbox
25 error Or if that isn't available, you can get their info via:
25 error     npm owner ls chattrbox
25 error There is likely additional logging output above.
26 verbose exit [ 1, true ]
